{"@timestamp":"2025-07-12T02:00:29.5542705+05:30","@version":"1","message":"Starting AppConfigTest using Java 21.0.7 with PID 8464 (started by Gracemann365 in C:\\Users\\Gracemann365\\Desktop\\reconengine\\common)","logger_name":"com.grace.recon.common.config.AppConfigTest","thread_name":"main","level":"INFO","level_value":20000}
{"@timestamp":"2025-07-12T02:00:29.5875723+05:30","@version":"1","message":"The following 1 profile is active: \"test\"","logger_name":"com.grace.recon.common.config.AppConfigTest","thread_name":"main","level":"INFO","level_value":20000}
{"@timestamp":"2025-07-12T02:00:29.8805707+05:30","@version":"1","message":"Started AppConfigTest in 1.602 seconds (process running for 3.325)","logger_name":"com.grace.recon.common.config.AppConfigTest","thread_name":"main","level":"INFO","level_value":20000}
{"@timestamp":"2025-07-12T02:00:31.0409618+05:30","@version":"1","message":"Starting FeatureFlagServiceTest using Java 21.0.7 with PID 8464 (started by Gracemann365 in C:\\Users\\Gracemann365\\Desktop\\reconengine\\common)","logger_name":"com.grace.recon.common.config.FeatureFlagServiceTest","thread_name":"main","level":"INFO","level_value":20000}
{"@timestamp":"2025-07-12T02:00:31.0419641+05:30","@version":"1","message":"The following 1 profile is active: \"test\"","logger_name":"com.grace.recon.common.config.FeatureFlagServiceTest","thread_name":"main","level":"INFO","level_value":20000}
{"@timestamp":"2025-07-12T02:00:31.0579622+05:30","@version":"1","message":"Started FeatureFlagServiceTest in 0.07 seconds (process running for 4.502)","logger_name":"com.grace.recon.common.config.FeatureFlagServiceTest","thread_name":"main","level":"INFO","level_value":20000}
{"@timestamp":"2025-07-12T02:00:32.1951557+05:30","@version":"1","message":"Error message","logger_name":"com.grace.recon.common.monitoring.StructuredLoggerTest","thread_name":"main","level":"ERROR","level_value":40000,"errorCode":"123"}
{"@timestamp":"2025-07-12T02:00:32.2021381+05:30","@version":"1","message":"Test message","logger_name":"com.grace.recon.common.monitoring.StructuredLoggerTest","thread_name":"main","level":"INFO","level_value":20000,"key1":"value1","key2":"value2"}
{"@timestamp":"2025-07-12T02:00:32.2061388+05:30","@version":"1","message":"Simple info message","logger_name":"com.grace.recon.common.monitoring.StructuredLoggerTest","thread_name":"main","level":"INFO","level_value":20000}
{"@timestamp":"2025-07-12T02:00:32.6484775+05:30","@version":"1","message":"Starting ResilienceAspectsIntegrationTest using Java 21.0.7 with PID 8464 (started by Gracemann365 in C:\\Users\\Gracemann365\\Desktop\\reconengine\\common)","logger_name":"com.grace.recon.common.resilience.ResilienceAspectsIntegrationTest","thread_name":"main","level":"INFO","level_value":20000}
{"@timestamp":"2025-07-12T02:00:32.6495001+05:30","@version":"1","message":"No active profile set, falling back to 1 default profile: \"default\"","logger_name":"com.grace.recon.common.resilience.ResilienceAspectsIntegrationTest","thread_name":"main","level":"INFO","level_value":20000}
{"@timestamp":"2025-07-12T02:00:33.1504637+05:30","@version":"1","message":"Started ResilienceAspectsIntegrationTest in 0.561 seconds (process running for 6.599)","logger_name":"com.grace.recon.common.resilience.ResilienceAspectsIntegrationTest","thread_name":"main","level":"INFO","level_value":20000}
{"@timestamp":"2025-07-12T02:00:39.3420058+05:30","@version":"1","message":"Starting ResilienceConfigTest using Java 21.0.7 with PID 8464 (started by Gracemann365 in C:\\Users\\Gracemann365\\Desktop\\reconengine\\common)","logger_name":"com.grace.recon.common.resilience.ResilienceConfigTest","thread_name":"main","level":"INFO","level_value":20000}
{"@timestamp":"2025-07-12T02:00:39.3420058+05:30","@version":"1","message":"No active profile set, falling back to 1 default profile: \"default\"","logger_name":"com.grace.recon.common.resilience.ResilienceConfigTest","thread_name":"main","level":"INFO","level_value":20000}
{"@timestamp":"2025-07-12T02:00:39.3542126+05:30","@version":"1","message":"Started ResilienceConfigTest in 0.047 seconds (process running for 12.808)","logger_name":"com.grace.recon.common.resilience.ResilienceConfigTest","thread_name":"main","level":"INFO","level_value":20000}
{"@timestamp":"2025-07-12T02:00:39.8856092+05:30","@version":"1","message":"Successfully loaded 2 validation rule sets.","logger_name":"com.grace.recon.common.validation.YamlRuleEngine","thread_name":"main","level":"INFO","level_value":20000}
{"@timestamp":"2025-07-12T21:48:37.3770125+05:30","@version":"1","message":"Starting AppConfigTest using Java 21.0.7 with PID 13012 (started by Gracemann365 in C:\\Users\\Gracemann365\\Desktop\\reconengine\\common)","logger_name":"com.grace.recon.common.config.AppConfigTest","thread_name":"main","level":"INFO","level_value":20000}
{"@timestamp":"2025-07-12T21:48:37.3869105+05:30","@version":"1","message":"The following 1 profile is active: \"test\"","logger_name":"com.grace.recon.common.config.AppConfigTest","thread_name":"main","level":"INFO","level_value":20000}
{"@timestamp":"2025-07-12T21:48:37.6404201+05:30","@version":"1","message":"Started AppConfigTest in 1.399 seconds (process running for 3.125)","logger_name":"com.grace.recon.common.config.AppConfigTest","thread_name":"main","level":"INFO","level_value":20000}
{"@timestamp":"2025-07-12T21:48:38.6533574+05:30","@version":"1","message":"Starting FeatureFlagServiceTest using Java 21.0.7 with PID 13012 (started by Gracemann365 in C:\\Users\\Gracemann365\\Desktop\\reconengine\\common)","logger_name":"com.grace.recon.common.config.FeatureFlagServiceTest","thread_name":"main","level":"INFO","level_value":20000}
{"@timestamp":"2025-07-12T21:48:38.6533574+05:30","@version":"1","message":"The following 1 profile is active: \"test\"","logger_name":"com.grace.recon.common.config.FeatureFlagServiceTest","thread_name":"main","level":"INFO","level_value":20000}
{"@timestamp":"2025-07-12T21:48:38.6553621+05:30","@version":"1","message":"Started FeatureFlagServiceTest in 0.047 seconds (process running for 4.147)","logger_name":"com.grace.recon.common.config.FeatureFlagServiceTest","thread_name":"main","level":"INFO","level_value":20000}
{"@timestamp":"2025-07-12T21:48:39.8062446+05:30","@version":"1","message":"Error message","logger_name":"com.grace.recon.common.monitoring.StructuredLoggerTest","thread_name":"main","level":"ERROR","level_value":40000,"errorCode":"123"}
{"@timestamp":"2025-07-12T21:48:39.8219061+05:30","@version":"1","message":"Test message","logger_name":"com.grace.recon.common.monitoring.StructuredLoggerTest","thread_name":"main","level":"INFO","level_value":20000,"key1":"value1","key2":"value2"}
{"@timestamp":"2025-07-12T21:48:39.8245149+05:30","@version":"1","message":"Simple info message","logger_name":"com.grace.recon.common.monitoring.StructuredLoggerTest","thread_name":"main","level":"INFO","level_value":20000}
{"@timestamp":"2025-07-12T21:48:40.3200482+05:30","@version":"1","message":"Starting ResilienceAspectsIntegrationTest using Java 21.0.7 with PID 13012 (started by Gracemann365 in C:\\Users\\Gracemann365\\Desktop\\reconengine\\common)","logger_name":"com.grace.recon.common.resilience.ResilienceAspectsIntegrationTest","thread_name":"main","level":"INFO","level_value":20000}
{"@timestamp":"2025-07-12T21:48:40.3200482+05:30","@version":"1","message":"No active profile set, falling back to 1 default profile: \"default\"","logger_name":"com.grace.recon.common.resilience.ResilienceAspectsIntegrationTest","thread_name":"main","level":"INFO","level_value":20000}
{"@timestamp":"2025-07-12T21:48:40.8355198+05:30","@version":"1","message":"Started ResilienceAspectsIntegrationTest in 0.571 seconds (process running for 6.32)","logger_name":"com.grace.recon.common.resilience.ResilienceAspectsIntegrationTest","thread_name":"main","level":"INFO","level_value":20000}
{"@timestamp":"2025-07-12T21:48:47.0514308+05:30","@version":"1","message":"Starting ResilienceConfigTest using Java 21.0.7 with PID 13012 (started by Gracemann365 in C:\\Users\\Gracemann365\\Desktop\\reconengine\\common)","logger_name":"com.grace.recon.common.resilience.ResilienceConfigTest","thread_name":"main","level":"INFO","level_value":20000}
{"@timestamp":"2025-07-12T21:48:47.0514308+05:30","@version":"1","message":"No active profile set, falling back to 1 default profile: \"default\"","logger_name":"com.grace.recon.common.resilience.ResilienceConfigTest","thread_name":"main","level":"INFO","level_value":20000}
{"@timestamp":"2025-07-12T21:48:47.0670787+05:30","@version":"1","message":"Started ResilienceConfigTest in 0.054 seconds (process running for 12.551)","logger_name":"com.grace.recon.common.resilience.ResilienceConfigTest","thread_name":"main","level":"INFO","level_value":20000}
{"@timestamp":"2025-07-12T21:48:47.6419534+05:30","@version":"1","message":"Successfully loaded 2 validation rule sets.","logger_name":"com.grace.recon.common.validation.YamlRuleEngine","thread_name":"main","level":"INFO","level_value":20000}
